WARN  | 2019-05-03 20:05:50 | [main] mainLog (mainLog.java:15) - This Will Be Printed On Warn
ERROR | 2019-05-03 20:05:50 | [main] mainLog (mainLog.java:16) - This Will Be Printed On Error
FATAL | 2019-05-03 20:05:50 | [main] mainLog (mainLog.java:17) - This Will Be Printed On Fatal
DEBUG | 2019-05-17 20:28:12 | [main] main.Main (Main.java:17) - Le nombre max d'essais est de 10 essais
DEBUG | 2019-05-17 20:28:12 | [main] main.Main (Main.java:24) - La combinaison à trouver comporte 4 chiffres
DEBUG | 2019-05-17 20:28:12 | [main] main.Main (Main.java:32) - Le mode développeur est activé
DEBUG | 2019-05-21 15:30:54 | [main] main.Main (Main.java:17) - Le nombre max d'essais est de 10 essais
DEBUG | 2019-05-21 15:30:54 | [main] main.Main (Main.java:24) - La combinaison à trouver comporte 4 chiffres
DEBUG | 2019-05-21 15:30:54 | [main] main.Main (Main.java:32) - Le mode développeur est activé
DEBUG | 2019-05-21 16:46:46 | [main] main.Main (Main.java:22) - Le nombre max d'essais est de 10 essais
DEBUG | 2019-05-21 16:46:46 | [main] main.Main (Main.java:29) - La combinaison à trouver comporte 4 chiffres
DEBUG | 2019-05-21 16:46:46 | [main] main.Main (Main.java:37) - Le mode développeur est activé
DEBUG | 2019-05-21 16:47:12 | [main] main.Main (Main.java:22) - Le nombre max d'essais est de 10 essais
DEBUG | 2019-05-21 16:47:12 | [main] main.Main (Main.java:29) - La combinaison à trouver comporte 4 chiffres
DEBUG | 2019-05-21 16:47:12 | [main] main.Main (Main.java:37) - Le mode développeur est activé
DEBUG | 2019-05-21 16:47:43 | [main] main.Main (Main.java:22) - Le nombre max d'essais est de 10 essais
DEBUG | 2019-05-21 16:47:43 | [main] main.Main (Main.java:29) - La combinaison à trouver comporte 4 chiffres
DEBUG | 2019-05-21 16:47:43 | [main] main.Main (Main.java:37) - Le mode développeur est activé
DEBUG | 2019-05-21 16:49:53 | [main] main.Main (Main.java:22) - Le nombre max d'essais est de 10 essais
DEBUG | 2019-05-21 16:49:53 | [main] main.Main (Main.java:29) - La combinaison à trouver comporte 4 chiffres
DEBUG | 2019-05-21 16:49:53 | [main] main.Main (Main.java:37) - Le mode développeur est activé
DEBUG | 2019-05-21 16:58:31 | [main] main.Main (Main.java:22) - Le nombre max d'essais est de 10 essais
DEBUG | 2019-05-21 16:58:31 | [main] main.Main (Main.java:29) - La combinaison à trouver comporte 4 chiffres
DEBUG | 2019-05-21 16:58:31 | [main] main.Main (Main.java:37) - Le mode développeur est activé
DEBUG | 2019-05-21 17:00:40 | [main] main.Main (Main.java:23) - Le nombre max d'essais est de 10 essais
DEBUG | 2019-05-21 17:00:40 | [main] main.Main (Main.java:30) - La combinaison à trouver comporte 4 chiffres
DEBUG | 2019-05-21 17:00:40 | [main] main.Main (Main.java:38) - Le mode développeur est activé
DEBUG | 2019-05-21 17:07:21 | [main] main.Main (Main.java:30) - Le nombre max d'essais est de 10 essais
DEBUG | 2019-05-21 17:07:21 | [main] main.Main (Main.java:37) - La combinaison à trouver comporte 4 chiffres
DEBUG | 2019-05-21 17:07:21 | [main] main.Main (Main.java:45) - Le mode développeur est activé
DEBUG | 2019-05-21 17:09:40 | [main] main.Main (Main.java:31) - Le nombre max d'essais est de 10 essais
DEBUG | 2019-05-21 17:09:40 | [main] main.Main (Main.java:38) - La combinaison à trouver comporte 4 chiffres
DEBUG | 2019-05-21 17:09:40 | [main] main.Main (Main.java:46) - Le mode développeur est activé
DEBUG | 2019-05-28 11:10:52 | [main] main.Main (Main.java:19) - Le nombre max d'essais est de 10 essais
DEBUG | 2019-05-28 11:10:52 | [main] main.Main (Main.java:26) - La combinaison à trouver comporte 4 chiffres
DEBUG | 2019-05-28 11:10:52 | [main] main.Main (Main.java:34) - Le mode développeur est activé
DEBUG | 2019-05-28 11:11:54 | [main] main.Main (Main.java:20) - Le nombre max d'essais est de 10 essais
DEBUG | 2019-05-28 11:11:54 | [main] main.Main (Main.java:27) - La combinaison à trouver comporte 4 chiffres
DEBUG | 2019-05-28 11:11:54 | [main] main.Main (Main.java:35) - Le mode développeur est activé
DEBUG | 2019-05-28 11:12:48 | [main] main.Main (Main.java:20) - Le nombre max d'essais est de 10 essais
DEBUG | 2019-05-28 11:12:48 | [main] main.Main (Main.java:27) - La combinaison à trouver comporte 4 chiffres
DEBUG | 2019-05-28 11:12:48 | [main] main.Main (Main.java:35) - Le mode développeur est activé
DEBUG | 2019-05-28 11:13:00 | [main] main.Main (Main.java:20) - Le nombre max d'essais est de 10 essais
DEBUG | 2019-05-28 11:13:00 | [main] main.Main (Main.java:27) - La combinaison à trouver comporte 4 chiffres
DEBUG | 2019-05-28 11:13:00 | [main] main.Main (Main.java:35) - Le mode développeur est activé
DEBUG | 2019-05-28 13:46:50 | [main] main.Main (Main.java:22) - Le nombre max d'essais est de 10 essais
DEBUG | 2019-05-28 13:46:50 | [main] main.Main (Main.java:29) - La combinaison à trouver comporte 4 chiffres
DEBUG | 2019-05-28 13:46:50 | [main] main.Main (Main.java:37) - Le mode développeur est activé
DEBUG | 2019-05-28 13:47:11 | [main] main.Main (Main.java:22) - Le nombre max d'essais est de 10 essais
DEBUG | 2019-05-28 13:47:11 | [main] main.Main (Main.java:29) - La combinaison à trouver comporte 4 chiffres
DEBUG | 2019-05-28 13:47:11 | [main] main.Main (Main.java:37) - Le mode développeur est activé
DEBUG | 2019-05-28 16:12:38 | [main] main.Main (Main.java:22) - Le nombre max d'essais est de 10 essais
DEBUG | 2019-05-28 16:12:38 | [main] main.Main (Main.java:29) - La combinaison à trouver comporte 4 chiffres
DEBUG | 2019-05-28 16:12:38 | [main] main.Main (Main.java:37) - Le mode développeur est activé
DEBUG | 2019-05-28 16:36:57 | [main] main.Main (Main.java:47) - Le nombre max d'essais est de 10 essais
DEBUG | 2019-05-28 16:36:57 | [main] main.Main (Main.java:54) - La combinaison à trouver comporte 4 chiffres
DEBUG | 2019-05-28 16:36:57 | [main] main.Main (Main.java:62) - Le mode développeur est activé
DEBUG | 2019-05-31 12:14:02 | [main] main.Main (Main.java:40) - Le nombre max d'essais est de 10 essais
DEBUG | 2019-05-31 12:14:02 | [main] main.Main (Main.java:47) - La combinaison à trouver comporte 4 chiffres
DEBUG | 2019-05-31 12:14:02 | [main] main.Main (Main.java:55) - Le mode développeur est activé
DEBUG | 2019-06-01 11:21:38 | [main] main.Main (Main.java:40) - Le nombre max d'essais est de 10 essais
DEBUG | 2019-06-01 11:21:38 | [main] main.Main (Main.java:47) - La combinaison à trouver comporte 4 chiffres
DEBUG | 2019-06-01 11:21:38 | [main] main.Main (Main.java:55) - Le mode développeur est activé
DEBUG | 2019-06-04 16:03:01 | [main] main.Main (Main.java:19) - Le nombre max d'essais est de 10 essais
DEBUG | 2019-06-04 16:03:01 | [main] main.Main (Main.java:26) - La combinaison à trouver comporte 4 chiffres
DEBUG | 2019-06-04 16:03:01 | [main] main.Main (Main.java:34) - Le mode développeur est activé
DEBUG | 2019-06-04 16:26:32 | [main] main.Main (Main.java:19) - Le nombre max d'essais est de 10 essais
DEBUG | 2019-06-04 16:26:32 | [main] main.Main (Main.java:26) - La combinaison à trouver comporte 4 chiffres
DEBUG | 2019-06-04 16:26:32 | [main] main.Main (Main.java:34) - Le mode développeur est activé
DEBUG | 2019-06-04 16:37:24 | [main] main.Main (Main.java:19) - Le nombre max d'essais est de 10 essais
DEBUG | 2019-06-04 16:37:24 | [main] main.Main (Main.java:26) - La combinaison à trouver comporte 4 chiffres
DEBUG | 2019-06-04 16:37:24 | [main] main.Main (Main.java:34) - Le mode développeur est activé
DEBUG | 2019-06-05 10:42:56 | [main] main.Main (Main.java:20) - Le nombre max d'essais est de 10 essais
DEBUG | 2019-06-05 10:42:56 | [main] main.Main (Main.java:27) - La combinaison à trouver comporte 4 chiffres
DEBUG | 2019-06-05 10:42:56 | [main] main.Main (Main.java:35) - Le mode développeur est activé
DEBUG | 2019-06-06 08:46:29 | [main] main.Main (Main.java:20) - Le nombre max d'essais est de 10 essais
DEBUG | 2019-06-06 08:46:29 | [main] main.Main (Main.java:27) - La combinaison à trouver comporte 4 chiffres
DEBUG | 2019-06-06 08:46:29 | [main] main.Main (Main.java:35) - Le mode développeur est activé
DEBUG | 2019-06-06 11:53:26 | [main] main.Main (Main.java:20) - Le nombre max d'essais est de 3 essais
DEBUG | 2019-06-06 11:53:26 | [main] main.Main (Main.java:27) - La combinaison à trouver comporte 4 chiffres
DEBUG | 2019-06-06 11:53:26 | [main] main.Main (Main.java:35) - Le mode développeur est activé
DEBUG | 2019-06-06 15:52:06 | [main] main.Main (Main.java:20) - Le nombre max d'essais est de 3 essais
DEBUG | 2019-06-06 15:52:06 | [main] main.Main (Main.java:27) - La combinaison à trouver comporte 4 chiffres
DEBUG | 2019-06-06 15:52:06 | [main] main.Main (Main.java:35) - Le mode développeur est activé
DEBUG | 2019-06-06 17:08:45 | [main] main.Main (Main.java:19) - Le nombre max d'essais est de 3 essais
DEBUG | 2019-06-06 17:08:45 | [main] main.Main (Main.java:25) - La combinaison à trouver comporte 4 chiffres
DEBUG | 2019-06-06 17:08:45 | [main] main.Main (Main.java:32) - Le mode développeur est activé
DEBUG | 2019-06-08 11:28:37 | [main] main.Main (Main.java:19) - Le nombre max d'essais est de 10 essais
DEBUG | 2019-06-08 11:28:37 | [main] main.Main (Main.java:25) - La combinaison à trouver comporte 4 chiffres
DEBUG | 2019-06-08 11:28:37 | [main] main.Main (Main.java:32) - Le mode développeur est activé
DEBUG | 2019-06-11 09:29:05 | [main] main.Main (Main.java:19) - Le nombre max d'essais est de 10 essais
DEBUG | 2019-06-11 09:29:05 | [main] main.Main (Main.java:25) - La combinaison à trouver comporte 4 chiffres
DEBUG | 2019-06-11 09:29:05 | [main] main.Main (Main.java:32) - Le mode développeur est activé
DEBUG | 2019-06-14 16:36:57 | [main] main.Main (Main.java:19) - Le nombre max d'essais est de 10 essais
DEBUG | 2019-06-14 16:36:58 | [main] main.Main (Main.java:25) - La combinaison à trouver comporte 4 chiffres
DEBUG | 2019-06-14 16:36:58 | [main] main.Main (Main.java:32) - Le mode développeur est activé
DEBUG | 2019-06-15 11:03:03 | [main] main.Main (Main.java:19) - Le nombre max d'essais est de 10 essais
DEBUG | 2019-06-15 11:03:03 | [main] main.Main (Main.java:25) - La combinaison à trouver comporte 4 chiffres
DEBUG | 2019-06-15 11:03:03 | [main] main.Main (Main.java:34) - Le mode développeur est désactivé
DEBUG | 2019-06-15 11:44:47 | [main] main.Main (Main.java:19) - Le nombre max d'essais est de 10 essais
DEBUG | 2019-06-15 11:44:47 | [main] main.Main (Main.java:25) - La combinaison à trouver comporte 4 chiffres
DEBUG | 2019-06-15 11:44:47 | [main] main.Main (Main.java:32) - Le mode développeur est activé
DEBUG | 2019-06-18 09:39:39 | [main] main.Main (Main.java:19) - Le nombre max d'essais est de 10 essais
DEBUG | 2019-06-18 09:39:39 | [main] main.Main (Main.java:25) - La combinaison à trouver comporte 4 chiffres
DEBUG | 2019-06-18 09:39:39 | [main] main.Main (Main.java:32) - Le mode développeur est activé
DEBUG | 2019-06-18 09:50:56 | [main] main.Main (Main.java:19) - Le nombre max d'essais est de 10 essais
DEBUG | 2019-06-18 09:50:56 | [main] main.Main (Main.java:25) - La combinaison à trouver comporte 4 chiffres
DEBUG | 2019-06-18 09:50:56 | [main] main.Main (Main.java:32) - Le mode développeur est activé
DEBUG | 2019-06-18 09:53:39 | [main] main.Main (Main.java:19) - Le nombre max d'essais est de 10 essais
DEBUG | 2019-06-18 09:53:39 | [main] main.Main (Main.java:25) - La combinaison à trouver comporte 4 chiffres
DEBUG | 2019-06-18 09:53:39 | [main] main.Main (Main.java:32) - Le mode développeur est activé
DEBUG | 2019-06-18 10:21:37 | [main] main.Main (Main.java:19) - Le nombre max d'essais est de 10 essais
DEBUG | 2019-06-18 10:21:37 | [main] main.Main (Main.java:25) - La combinaison à trouver comporte 4 chiffres
DEBUG | 2019-06-18 10:21:37 | [main] main.Main (Main.java:32) - Le mode développeur est activé
DEBUG | 2019-06-18 11:00:34 | [main] main.Main (Main.java:19) - Le nombre max d'essais est de 10 essais
DEBUG | 2019-06-18 11:00:34 | [main] main.Main (Main.java:25) - La combinaison à trouver comporte 4 chiffres
DEBUG | 2019-06-18 11:00:34 | [main] main.Main (Main.java:32) - Le mode développeur est activé
DEBUG | 2019-06-18 14:05:14 | [main] main.Main (Main.java:19) - Le nombre max d'essais est de 10 essais
DEBUG | 2019-06-18 14:05:14 | [main] main.Main (Main.java:25) - La combinaison à trouver comporte 4 chiffres
DEBUG | 2019-06-18 14:05:14 | [main] main.Main (Main.java:32) - Le mode développeur est activé
DEBUG | 2019-06-18 14:05:27 | [main] common.Menu (Menu.java:33) -  choix de menu : 1
DEBUG | 2019-06-18 14:05:28 | [main] common.Menu (Menu.java:33) -  choix de menu : 1
DEBUG | 2019-06-18 14:05:33 | [main] common.Menu (Menu.java:33) -  choix de menu : 3
DEBUG | 2019-06-18 14:05:33 | [main] main.Main (Main.java:19) - Le nombre max d'essais est de 10 essais
DEBUG | 2019-06-18 14:05:33 | [main] main.Main (Main.java:25) - La combinaison à trouver comporte 4 chiffres
DEBUG | 2019-06-18 14:05:33 | [main] main.Main (Main.java:32) - Le mode développeur est activé
DEBUG | 2019-06-18 14:08:32 | [main] main.Main (Main.java:13) - Lancement du jeu
DEBUG | 2019-06-18 14:08:41 | [main] common.Menu (Menu.java:33) -  choix de menu : 1
DEBUG | 2019-06-18 14:08:41 | [main] common.Lanceur (Lanceur.java:25) -  choix de jeu : 1
DEBUG | 2019-06-18 14:08:49 | [main] common.Menu (Menu.java:33) -  choix de menu : 2
DEBUG | 2019-06-18 14:08:49 | [main] common.Lanceur (Lanceur.java:28) -  choix de Mode : 1
DEBUG | 2019-06-18 14:09:04 | [main] common.Menu (Menu.java:33) -  choix de menu : 3
DEBUG | 2019-06-18 14:09:04 | [main] common.Lanceur (Lanceur.java:32) -  choix de fin : 1
DEBUG | 2019-06-18 14:09:04 | [main] main.Main (Main.java:20) - Le nombre max d'essais est de 10 essais
DEBUG | 2019-06-18 14:09:04 | [main] main.Main (Main.java:26) - La combinaison à trouver comporte 4 chiffres
DEBUG | 2019-06-18 14:09:04 | [main] main.Main (Main.java:33) - Le mode développeur est activé
DEBUG | 2019-06-18 14:11:20 | [main] main.Main (Main.java:13) - Lancement du jeu
DEBUG | 2019-06-18 14:11:37 | [main] common.Lanceur (Lanceur.java:25) -  choix de jeu : 1
DEBUG | 2019-06-18 14:11:42 | [main] common.Lanceur (Lanceur.java:28) -  choix de Mode : 1
DEBUG | 2019-06-18 14:12:14 | [main] main.Main (Main.java:13) - Lancement du jeu
DEBUG | 2019-06-18 14:12:17 | [main] common.Lanceur (Lanceur.java:25) -  choix de jeu : 1
DEBUG | 2019-06-18 14:12:18 | [main] common.Lanceur (Lanceur.java:28) -  choix de Mode : 2
DEBUG | 2019-06-18 14:12:55 | [main] common.Lanceur (Lanceur.java:32) -  choix de fin : 3
DEBUG | 2019-06-18 14:16:31 | [main] main.Main (Main.java:12) - Lancement du jeu
DEBUG | 2019-06-18 14:16:34 | [main] common.Lanceur (Lanceur.java:25) -  choix de jeu : 1
DEBUG | 2019-06-18 14:16:36 | [main] common.Lanceur (Lanceur.java:28) -  choix de Mode : 1
DEBUG | 2019-06-18 14:16:40 | [main] common.Lanceur (Lanceur.java:32) -  choix de fin : 3
DEBUG | 2019-06-18 14:32:57 | [main] main.Main (Main.java:12) - Lancement du jeu
DEBUG | 2019-06-18 14:33:00 | [main] common.Lanceur (Lanceur.java:25) -  choix de jeu : 1
WARN  | 2019-06-18 14:33:03 | [main] common.Menu (Menu.java:34) -  Mauvais choix de Menu : 5
DEBUG | 2019-06-18 14:33:06 | [main] common.Lanceur (Lanceur.java:28) -  choix de Mode : 1
DEBUG | 2019-06-18 14:33:12 | [main] common.Lanceur (Lanceur.java:32) -  choix de fin : 3
DEBUG | 2019-06-18 14:38:04 | [main] main.Main (Main.java:12) - Lancement du jeu
DEBUG | 2019-06-18 14:38:06 | [main] common.Lanceur (Lanceur.java:25) -  choix de jeu : 1
DEBUG | 2019-06-18 14:38:07 | [main] common.Lanceur (Lanceur.java:28) -  choix de Mode : 1
WARN  | 2019-06-18 14:38:10 | [main] common.Combinaison (Combinaison.java:74) -  Mauvaise proposition saisie : 5saisie au lieu de 4
DEBUG | 2019-06-18 14:38:15 | [main] common.Lanceur (Lanceur.java:32) -  choix de fin : 3
DEBUG | 2019-06-19 09:46:16 | [main] main.Main (Main.java:12) - Lancement du jeu
DEBUG | 2019-06-19 09:46:28 | [main] common.Lanceur (Lanceur.java:25) -  choix de jeu : 1
DEBUG | 2019-06-19 09:46:29 | [main] common.Lanceur (Lanceur.java:28) -  choix de Mode : 1
DEBUG | 2019-06-19 09:46:33 | [main] common.Lanceur (Lanceur.java:32) -  choix de fin : 3
DEBUG | 2019-06-19 09:46:40 | [main] main.Main (Main.java:12) - Lancement du jeu
DEBUG | 2019-06-19 09:46:42 | [main] common.Lanceur (Lanceur.java:25) -  choix de jeu : 1
DEBUG | 2019-06-19 09:46:44 | [main] common.Lanceur (Lanceur.java:28) -  choix de Mode : 2
WARN  | 2019-06-19 09:46:51 | [main] recherchepm.CombinaisonRecherche (CombinaisonRecherche.java:124) -  Mauvaise proposition saisie : autres caractères que +,- ou = 
WARN  | 2019-06-19 09:46:51 | [main] recherchepm.CombinaisonRecherche (CombinaisonRecherche.java:124) -  Mauvaise proposition saisie : autres caractères que +,- ou = 
WARN  | 2019-06-19 09:46:51 | [main] recherchepm.CombinaisonRecherche (CombinaisonRecherche.java:124) -  Mauvaise proposition saisie : autres caractères que +,- ou = 
WARN  | 2019-06-19 09:46:51 | [main] recherchepm.CombinaisonRecherche (CombinaisonRecherche.java:124) -  Mauvaise proposition saisie : autres caractères que +,- ou = 
DEBUG | 2019-06-19 09:53:03 | [main] main.Main (Main.java:12) - Lancement du jeu
DEBUG | 2019-06-19 09:53:05 | [main] common.Lanceur (Lanceur.java:25) -  choix de jeu : 1
DEBUG | 2019-06-19 09:53:06 | [main] common.Lanceur (Lanceur.java:28) -  choix de Mode : 2
WARN  | 2019-06-19 09:53:09 | [main] recherchepm.CombinaisonRecherche (CombinaisonRecherche.java:126) -  Mauvaise proposition saisie : autres caractères que +,- ou = 
WARN  | 2019-06-19 09:53:53 | [main] recherchepm.CombinaisonRecherche (CombinaisonRecherche.java:126) -  Mauvaise proposition saisie : autres caractères que +,- ou = 
WARN  | 2019-06-19 09:55:38 | [main] recherchepm.CombinaisonRecherche (CombinaisonRecherche.java:126) -  Mauvaise proposition saisie : autres caractères que +,- ou = 
DEBUG | 2019-06-19 09:56:34 | [main] main.Main (Main.java:12) - Lancement du jeu
DEBUG | 2019-06-19 09:56:37 | [main] common.Lanceur (Lanceur.java:25) -  choix de jeu : 1
DEBUG | 2019-06-19 09:56:38 | [main] common.Lanceur (Lanceur.java:28) -  choix de Mode : 2
WARN  | 2019-06-19 09:56:45 | [main] recherchepm.CombinaisonRecherche (CombinaisonRecherche.java:123) -  Mauvaise proposition saisie : autres caractères que +,- ou = 
WARN  | 2019-06-19 09:56:49 | [main] recherchepm.CombinaisonRecherche (CombinaisonRecherche.java:123) -  Mauvaise proposition saisie : autres caractères que +,- ou = 
DEBUG | 2019-06-19 09:57:56 | [main] main.Main (Main.java:12) - Lancement du jeu
DEBUG | 2019-06-19 09:58:02 | [main] common.Lanceur (Lanceur.java:25) -  choix de jeu : 1
DEBUG | 2019-06-19 09:58:03 | [main] common.Lanceur (Lanceur.java:28) -  choix de Mode : 2
WARN  | 2019-06-19 09:58:09 | [main] recherchepm.CombinaisonRecherche (CombinaisonRecherche.java:123) -  Mauvaise proposition saisie : autres caractères que +,- ou = 
WARN  | 2019-06-19 09:58:17 | [main] recherchepm.CombinaisonRecherche (CombinaisonRecherche.java:123) -  Mauvaise proposition saisie : autres caractères que +,- ou = 
DEBUG | 2019-06-19 09:59:42 | [main] main.Main (Main.java:12) - Lancement du jeu
DEBUG | 2019-06-19 09:59:44 | [main] common.Lanceur (Lanceur.java:25) -  choix de jeu : 1
DEBUG | 2019-06-19 09:59:45 | [main] common.Lanceur (Lanceur.java:28) -  choix de Mode : 2
WARN  | 2019-06-19 09:59:50 | [main] recherchepm.CombinaisonRecherche (CombinaisonRecherche.java:123) -  Mauvaise proposition saisie : autres caractères que +,- ou = 
DEBUG | 2019-06-19 10:02:42 | [main] main.Main (Main.java:12) - Lancement du jeu
DEBUG | 2019-06-19 10:03:11 | [main] main.Main (Main.java:12) - Lancement du jeu
DEBUG | 2019-06-19 10:03:19 | [main] main.Main (Main.java:12) - Lancement du jeu
DEBUG | 2019-06-19 10:03:25 | [main] common.Lanceur (Lanceur.java:25) -  choix de jeu : 1
DEBUG | 2019-06-19 10:03:26 | [main] common.Lanceur (Lanceur.java:28) -  choix de Mode : 2
WARN  | 2019-06-19 10:03:29 | [main] recherchepm.CombinaisonRecherche (CombinaisonRecherche.java:126) -  Mauvaise proposition saisie : autres caractères que +,- ou = 
DEBUG | 2019-06-19 10:04:19 | [main] main.Main (Main.java:12) - Lancement du jeu
DEBUG | 2019-06-19 10:04:22 | [main] common.Lanceur (Lanceur.java:25) -  choix de jeu : 1
DEBUG | 2019-06-19 10:04:23 | [main] common.Lanceur (Lanceur.java:28) -  choix de Mode : 2
WARN  | 2019-06-19 10:04:26 | [main] recherchepm.CombinaisonRecherche (CombinaisonRecherche.java:126) -  Mauvaise proposition saisie : autres caractères que +,- ou = 
DEBUG | 2019-06-19 10:07:11 | [main] main.Main (Main.java:12) - Lancement du jeu
DEBUG | 2019-06-19 10:07:16 | [main] common.Lanceur (Lanceur.java:25) -  choix de jeu : 1
DEBUG | 2019-06-19 10:07:18 | [main] common.Lanceur (Lanceur.java:28) -  choix de Mode : 2
WARN  | 2019-06-19 10:07:20 | [main] recherchepm.CombinaisonRecherche (CombinaisonRecherche.java:126) -  Mauvaise proposition saisie : autres caractères que +,- ou = 
DEBUG | 2019-06-19 10:08:49 | [main] main.Main (Main.java:12) - Lancement du jeu
DEBUG | 2019-06-19 10:08:51 | [main] common.Lanceur (Lanceur.java:25) -  choix de jeu : 1
DEBUG | 2019-06-19 10:08:52 | [main] common.Lanceur (Lanceur.java:28) -  choix de Mode : 2
WARN  | 2019-06-19 10:08:54 | [main] recherchepm.CombinaisonRecherche (CombinaisonRecherche.java:128) -  Mauvaise proposition saisie : autres caractères que +,- ou = 
DEBUG | 2019-06-19 10:09:35 | [main] main.Main (Main.java:12) - Lancement du jeu
DEBUG | 2019-06-19 10:09:39 | [main] common.Lanceur (Lanceur.java:25) -  choix de jeu : 1
DEBUG | 2019-06-19 10:09:41 | [main] common.Lanceur (Lanceur.java:28) -  choix de Mode : 2
WARN  | 2019-06-19 10:09:43 | [main] recherchepm.CombinaisonRecherche (CombinaisonRecherche.java:128) -  Mauvaise proposition saisie : autres caractères que +,- ou = 
WARN  | 2019-06-19 10:09:58 | [main] recherchepm.CombinaisonRecherche (CombinaisonRecherche.java:128) -  Mauvaise proposition saisie : autres caractères que +,- ou = 
DEBUG | 2019-06-19 10:17:50 | [main] main.Main (Main.java:12) - Lancement du jeu
DEBUG | 2019-06-19 10:17:53 | [main] common.Lanceur (Lanceur.java:25) -  choix de jeu : 1
DEBUG | 2019-06-19 10:17:54 | [main] common.Lanceur (Lanceur.java:28) -  choix de Mode : 2
WARN  | 2019-06-19 10:17:57 | [main] recherchepm.CombinaisonRecherche (CombinaisonRecherche.java:119) -  Mauvaise caractère : -caractères saisis. au lieu de 4
WARN  | 2019-06-19 10:17:57 | [main] recherchepm.CombinaisonRecherche (CombinaisonRecherche.java:119) -  Mauvaise caractère : =caractères saisis. au lieu de 4
WARN  | 2019-06-19 10:17:57 | [main] recherchepm.CombinaisonRecherche (CombinaisonRecherche.java:119) -  Mauvaise caractère : =caractères saisis. au lieu de 4
WARN  | 2019-06-19 10:17:57 | [main] recherchepm.CombinaisonRecherche (CombinaisonRecherche.java:119) -  Mauvaise caractère : =caractères saisis. au lieu de 4
DEBUG | 2019-06-19 10:18:46 | [main] main.Main (Main.java:12) - Lancement du jeu
DEBUG | 2019-06-19 10:18:49 | [main] common.Lanceur (Lanceur.java:25) -  choix de jeu : 1
DEBUG | 2019-06-19 10:18:49 | [main] common.Lanceur (Lanceur.java:28) -  choix de Mode : 2
DEBUG | 2019-06-19 10:19:10 | [main] main.Main (Main.java:12) - Lancement du jeu
DEBUG | 2019-06-19 10:19:13 | [main] common.Lanceur (Lanceur.java:25) -  choix de jeu : 1
DEBUG | 2019-06-19 10:19:14 | [main] common.Lanceur (Lanceur.java:28) -  choix de Mode : 2
DEBUG | 2019-06-19 10:20:04 | [main] common.Lanceur (Lanceur.java:32) -  choix de fin : 3
DEBUG | 2019-06-19 10:23:52 | [main] main.Main (Main.java:12) - Lancement du jeu
DEBUG | 2019-06-19 10:23:55 | [main] common.Lanceur (Lanceur.java:25) -  choix de jeu : 1
DEBUG | 2019-06-19 10:23:56 | [main] common.Lanceur (Lanceur.java:28) -  choix de Mode : 2
DEBUG | 2019-06-19 10:26:44 | [main] main.Main (Main.java:12) - Lancement du jeu
DEBUG | 2019-06-19 10:26:49 | [main] common.Lanceur (Lanceur.java:25) -  choix de jeu : 1
DEBUG | 2019-06-19 10:26:51 | [main] common.Lanceur (Lanceur.java:28) -  choix de Mode : 2
DEBUG | 2019-06-19 10:29:17 | [main] main.Main (Main.java:12) - Lancement du jeu
DEBUG | 2019-06-19 10:29:19 | [main] common.Lanceur (Lanceur.java:25) -  choix de jeu : 1
DEBUG | 2019-06-19 10:29:20 | [main] common.Lanceur (Lanceur.java:28) -  choix de Mode : 2
DEBUG | 2019-06-19 10:30:36 | [main] main.Main (Main.java:12) - Lancement du jeu
DEBUG | 2019-06-19 10:30:38 | [main] common.Lanceur (Lanceur.java:25) -  choix de jeu : 1
DEBUG | 2019-06-19 10:30:39 | [main] common.Lanceur (Lanceur.java:28) -  choix de Mode : 2
DEBUG | 2019-06-19 10:32:04 | [main] main.Main (Main.java:12) - Lancement du jeu
DEBUG | 2019-06-19 10:32:06 | [main] common.Lanceur (Lanceur.java:25) -  choix de jeu : 1
DEBUG | 2019-06-19 10:32:08 | [main] common.Lanceur (Lanceur.java:28) -  choix de Mode : 2
DEBUG | 2019-06-19 10:39:48 | [main] main.Main (Main.java:12) - Lancement du jeu
DEBUG | 2019-06-19 10:39:50 | [main] common.Lanceur (Lanceur.java:25) -  choix de jeu : 1
DEBUG | 2019-06-19 10:39:51 | [main] common.Lanceur (Lanceur.java:28) -  choix de Mode : 2
DEBUG | 2019-06-19 10:40:40 | [main] main.Main (Main.java:12) - Lancement du jeu
DEBUG | 2019-06-19 10:40:42 | [main] common.Lanceur (Lanceur.java:25) -  choix de jeu : 1
DEBUG | 2019-06-19 10:40:43 | [main] common.Lanceur (Lanceur.java:28) -  choix de Mode : 2
DEBUG | 2019-06-19 10:43:36 | [main] main.Main (Main.java:12) - Lancement du jeu
DEBUG | 2019-06-19 10:43:38 | [main] common.Lanceur (Lanceur.java:25) -  choix de jeu : 1
DEBUG | 2019-06-19 10:43:39 | [main] common.Lanceur (Lanceur.java:28) -  choix de Mode : 2
DEBUG | 2019-06-19 10:44:41 | [main] main.Main (Main.java:12) - Lancement du jeu
DEBUG | 2019-06-19 10:44:46 | [main] common.Lanceur (Lanceur.java:25) -  choix de jeu : 1
DEBUG | 2019-06-19 10:44:47 | [main] common.Lanceur (Lanceur.java:28) -  choix de Mode : 2
DEBUG | 2019-06-19 10:47:36 | [main] common.Lanceur (Lanceur.java:32) -  choix de fin : 1
DEBUG | 2019-06-19 10:51:12 | [main] main.Main (Main.java:12) - Lancement du jeu
DEBUG | 2019-06-19 10:51:15 | [main] common.Lanceur (Lanceur.java:25) -  choix de jeu : 1
DEBUG | 2019-06-19 10:51:15 | [main] common.Lanceur (Lanceur.java:28) -  choix de Mode : 2
WARN  | 2019-06-19 10:51:21 | [main] recherchepm.CombinaisonRecherche (CombinaisonRecherche.java:120) -  Mauvaise caractère : p
WARN  | 2019-06-19 10:51:21 | [main] recherchepm.CombinaisonRecherche (CombinaisonRecherche.java:120) -  Mauvaise caractère : m
WARN  | 2019-06-19 10:51:21 | [main] recherchepm.CombinaisonRecherche (CombinaisonRecherche.java:120) -  Mauvaise caractère : o
DEBUG | 2019-06-19 10:52:19 | [main] common.Lanceur (Lanceur.java:32) -  choix de fin : 1
WARN  | 2019-06-19 10:52:22 | [main] recherchepm.CombinaisonRecherche (CombinaisonRecherche.java:120) -  Mauvaise caractère : p
WARN  | 2019-06-19 10:52:22 | [main] recherchepm.CombinaisonRecherche (CombinaisonRecherche.java:120) -  Mauvaise caractère : l
WARN  | 2019-06-19 10:52:22 | [main] recherchepm.CombinaisonRecherche (CombinaisonRecherche.java:120) -  Mauvaise caractère : m
WARN  | 2019-06-19 10:52:32 | [main] recherchepm.CombinaisonRecherche (CombinaisonRecherche.java:120) -  Mauvaise caractère : m
